<?xml version="1.0" encoding="UTF-8"?>
<!-- Generated by org.testng.reporters.JUnitReportReporter -->
<testsuite skipped="0" hostname="DESKTOP-04MOS7J" name="title.info.CheckTitle" tests="1" failures="0" timestamp="2020-02-17T01:56:26 IST" time="20.290" errors="0">
  <testcase name="searchTitle" time="20.290" classname="title.info.CheckTitle"/>
</testsuite> <!-- title.info.CheckTitle -->
